nohup: ignoring input
[00:23:05.962] [32mINFO[39m (13174): [36mDatabase migrations complete[39m
[00:23:05.964] [32mINFO[39m (13174): [36mMeta token loaded from DB[39m
    [35mexpires_at[39m: "2026-07-16T08:45:16.874Z"
[00:23:05.965] [32mINFO[39m (13174): [36mWarm-up history rehydrated from DB[39m
    [35mcount[39m: 10
[00:23:05.967] [32mINFO[39m (13174): [36mVAPID initialized[39m
[00:23:05.969] [32mINFO[39m (13174): [36mServer listening[39m
    [35mport[39m: 3000
[00:23:05.969] [32mINFO[39m (13174): [36mMedia scan cron scheduled[39m
    [35minterval_hours[39m: 6
[00:23:05.969] [32mINFO[39m (13174): [36mCPA alert cron scheduled[39m
    [35minterval_hours[39m: 2
[00:23:05.969] [32mINFO[39m (13174): [36mProactive cache refresh cron scheduled[39m
    [35minterval_min[39m: 30
[00:23:05.969] [32mINFO[39m (13174): [36mScheduled reports cron started[39m
    [35minterval_min[39m: 15
[00:23:05.969] [32mINFO[39m (13174): [36mWatchdog cron scheduled[39m
    [35minterval_hours[39m: 3
[00:23:05.969] [32mINFO[39m (13174): [36mInventory alert cron scheduled[39m
    [35minterval_min[39m: 30
[00:23:05.969] [32mINFO[39m (13174): [36mToken health cron scheduled (daily)[39m
[00:23:05.970] [32mINFO[39m (13174): [36mCreative cache warmup skipped — ran recently[39m
    [35mage_min[39m: 22
[00:23:06.360] [32mINFO[39m (13174): [36mPipeboard singleton connected[39m
